c:\users\haobo chen\onedrive\documents\university of michigan\eecs 587\haobo-chen-s-eecs-587\project\eecs587_project\x64\debug\vc142.pdb
c:\users\haobo chen\onedrive\documents\university of michigan\eecs 587\haobo-chen-s-eecs-587\project\eecs587_project\x64\debug\vc142.idb
c:\users\haobo chen\onedrive\documents\university of michigan\eecs 587\haobo-chen-s-eecs-587\project\eecs587_project\x64\debug\sudokugrid.obj
c:\users\haobo chen\onedrive\documents\university of michigan\eecs 587\haobo-chen-s-eecs-587\project\eecs587_project\x64\debug\solutiongrid.obj
x64\debug\main.cu.obj
c:\users\haobo chen\onedrive\documents\university of michigan\eecs 587\haobo-chen-s-eecs-587\project\eecs587_project\x64\debug\eecs587_project.lib
c:\users\haobo chen\onedrive\documents\university of michigan\eecs 587\haobo-chen-s-eecs-587\project\eecs587_project\x64\debug\eecs587_project.exp
c:\users\haobo chen\onedrive\documents\university of michigan\eecs 587\haobo-chen-s-eecs-587\project\eecs587_project\x64\debug\eecs587_project.exe
c:\users\haobo chen\onedrive\documents\university of michigan\eecs 587\haobo-chen-s-eecs-587\project\eecs587_project\x64\debug\eecs587_project.ilk
c:\users\haobo chen\onedrive\documents\university of michigan\eecs 587\haobo-chen-s-eecs-587\project\eecs587_project\x64\debug\eecs587_project.pdb
c:\users\haobo chen\onedrive\documents\university of michigan\eecs 587\haobo-chen-s-eecs-587\project\eecs587_project\x64\debug\kernel.cu.cache
c:\users\haobo chen\onedrive\documents\university of michigan\eecs 587\haobo-chen-s-eecs-587\project\eecs587_project\x64\debug\main.cu.cache
c:\users\haobo chen\onedrive\documents\university of michigan\eecs 587\haobo-chen-s-eecs-587\project\eecs587_project\x64\debug\kernel.cu.obj
c:\users\haobo chen\onedrive\documents\university of michigan\eecs 587\haobo-chen-s-eecs-587\project\eecs587_project\x64\debug\main.cu.obj
c:\users\haobo chen\onedrive\documents\university of michigan\eecs 587\haobo-chen-s-eecs-587\project\eecs587_project\x64\debug\sudokugrid.obj.enc
c:\users\haobo chen\onedrive\documents\university of michigan\eecs 587\haobo-chen-s-eecs-587\project\eecs587_project\x64\debug\eecs587_project.tlog\cl.command.1.tlog
c:\users\haobo chen\onedrive\documents\university of michigan\eecs 587\haobo-chen-s-eecs-587\project\eecs587_project\x64\debug\eecs587_project.tlog\cl.read.1.tlog
c:\users\haobo chen\onedrive\documents\university of michigan\eecs 587\haobo-chen-s-eecs-587\project\eecs587_project\x64\debug\eecs587_project.tlog\cl.write.1.tlog
c:\users\haobo chen\onedrive\documents\university of michigan\eecs 587\haobo-chen-s-eecs-587\project\eecs587_project\x64\debug\eecs587_project.tlog\cudacompile.read.1u.tlog
c:\users\haobo chen\onedrive\documents\university of michigan\eecs 587\haobo-chen-s-eecs-587\project\eecs587_project\x64\debug\eecs587_project.tlog\cudacompile.write.1u.tlog
c:\users\haobo chen\onedrive\documents\university of michigan\eecs 587\haobo-chen-s-eecs-587\project\eecs587_project\x64\debug\eecs587_project.tlog\eecs587_project.write.1u.tlog
c:\users\haobo chen\onedrive\documents\university of michigan\eecs 587\haobo-chen-s-eecs-587\project\eecs587_project\x64\debug\eecs587_project.tlog\link.command.1.tlog
c:\users\haobo chen\onedrive\documents\university of michigan\eecs 587\haobo-chen-s-eecs-587\project\eecs587_project\x64\debug\eecs587_project.tlog\link.delete.1.tlog
c:\users\haobo chen\onedrive\documents\university of michigan\eecs 587\haobo-chen-s-eecs-587\project\eecs587_project\x64\debug\eecs587_project.tlog\link.read.1.tlog
c:\users\haobo chen\onedrive\documents\university of michigan\eecs 587\haobo-chen-s-eecs-587\project\eecs587_project\x64\debug\eecs587_project.tlog\link.write.1.tlog
